mode: set
rest/internal/usecase/usecase.go:9.21,11.2 1 0
rest/internal/usecase/usecase.go:13.77,15.2 1 0
rest/internal/usecase/usecase.go:17.79,19.2 1 0
rest/internal/usecase/usecase.go:21.77,23.2 1 0
rest/internal/usecase/helper.go:11.37,14.32 2 1
rest/internal/usecase/helper.go:23.2,23.12 1 1
rest/internal/usecase/helper.go:14.32,15.33 1 1
rest/internal/usecase/helper.go:15.33,16.30 1 1
rest/internal/usecase/helper.go:16.30,17.35 1 1
rest/internal/usecase/helper.go:17.35,19.6 1 1
rest/internal/usecase/helper.go:26.32,27.32 1 1
rest/internal/usecase/helper.go:37.2,37.13 1 1
rest/internal/usecase/helper.go:27.32,28.33 1 1
rest/internal/usecase/helper.go:28.33,29.14 1 1
rest/internal/usecase/helper.go:29.14,30.25 1 1
rest/internal/usecase/helper.go:30.25,32.6 1 1
rest/internal/usecase/helper.go:40.39,44.2 2 1
rest/internal/usecase/helper.go:46.46,49.81 2 1
rest/internal/usecase/helper.go:84.2,84.19 1 1
rest/internal/usecase/helper.go:49.81,50.17 1 1
rest/internal/usecase/helper.go:55.3,55.89 1 1
rest/internal/usecase/helper.go:60.3,61.17 2 1
rest/internal/usecase/helper.go:64.3,68.22 3 1
rest/internal/usecase/helper.go:81.3,81.13 1 1
rest/internal/usecase/helper.go:50.17,52.4 1 0
rest/internal/usecase/helper.go:55.89,57.4 1 1
rest/internal/usecase/helper.go:61.17,63.4 1 0
rest/internal/usecase/helper.go:68.22,74.43 4 1
rest/internal/usecase/helper.go:74.43,75.42 1 1
rest/internal/usecase/helper.go:75.42,77.6 1 1
